TN:
SF:src/core/ecs/ecs.js
FN:8,ECS
FN:12,CreateComponent
FN:16,CreateGroup
FN:20,CreateUniqueEntity
FN:24,CreateEntity
FN:32,RemoveEntity
FN:40,CreateSystem
FNF:7
FNH:7
FNDA:1,ECS
FNDA:20,CreateComponent
FNDA:2,CreateGroup
FNDA:5,CreateUniqueEntity
FNDA:20,CreateEntity
FNDA:20,RemoveEntity
FNDA:5,CreateSystem
DA:1,1
DA:2,1
DA:3,1
DA:4,1
DA:5,1
DA:6,1
DA:7,1
DA:8,1
DA:9,1
DA:10,1
DA:11,1
DA:12,1
DA:13,20
DA:14,20
DA:15,1
DA:16,1
DA:17,2
DA:18,2
DA:19,1
DA:20,1
DA:21,5
DA:22,5
DA:23,1
DA:24,1
DA:25,20
DA:26,20
DA:27,20
DA:28,20
DA:29,20
DA:30,20
DA:31,1
DA:32,1
DA:33,20
DA:34,20
DA:35,20
DA:36,20
DA:37,20
DA:38,20
DA:39,1
DA:40,1
DA:41,5
DA:42,4
DA:43,4
DA:44,5
DA:45,1
LF:45
LH:45
BRDA:8,0,0,1
BRDA:12,1,0,20
BRDA:16,2,0,2
BRDA:20,3,0,5
BRDA:24,4,0,20
BRDA:32,5,0,20
BRDA:40,6,0,5
BRDA:41,7,0,4
BRF:8
BRH:8
end_of_record
TN:
SF:src/core/ecs/group.js
FN:4,Group
FN:10,_add
FN:17,Extends
FN:31,_remove
FN:40,Unique
FN:48,Extends
FNF:6
FNH:6
FNDA:2,Group
FNDA:2,_add
FNDA:1,Extends
FNDA:30,_remove
FNDA:6,Unique
FNDA:2,Extends
DA:1,1
DA:2,1
DA:3,1
DA:4,1
DA:5,2
DA:6,2
DA:7,2
DA:8,2
DA:9,1
DA:10,1
DA:11,2
DA:12,2
DA:13,0
DA:14,0
DA:15,2
DA:16,1
DA:17,1
DA:18,1
DA:19,1
DA:20,1
DA:21,1
DA:22,1
DA:23,2
DA:24,2
DA:25,1
DA:26,1
DA:27,1
DA:28,1
DA:29,1
DA:30,1
DA:31,1
DA:32,30
DA:33,30
DA:34,10
DA:35,10
DA:36,30
DA:37,1
DA:38,1
DA:39,1
DA:40,1
DA:41,6
DA:42,6
DA:43,6
DA:44,6
DA:45,6
DA:46,6
DA:47,1
DA:48,1
DA:49,2
DA:50,2
DA:51,2
DA:52,2
DA:53,2
DA:54,2
DA:55,4
DA:56,4
DA:57,2
DA:58,2
DA:59,2
DA:60,2
DA:61,2
DA:62,1
DA:63,1
DA:64,1
DA:65,1
DA:66,1
LF:66
LH:64
BRDA:4,0,0,2
BRDA:10,1,0,2
BRDA:12,2,0,0
BRDA:17,3,0,1
BRDA:22,4,0,2
BRDA:23,5,0,0
BRDA:31,6,0,30
BRDA:33,7,0,10
BRDA:40,8,0,6
BRDA:48,9,0,2
BRDA:54,10,0,4
BRDA:55,11,0,0
BRF:12
BRH:9
end_of_record
TN:
SF:src/core/utils/IdCounter.js
FN:2,IdCounter
FN:8,Size
FN:12,Put
FN:16,Pop
FN:20,_create
FNF:5
FNH:5
FNDA:1,IdCounter
FNDA:20,Size
FNDA:20,Put
FNDA:5,Pop
FNDA:5,_create
DA:1,1
DA:2,1
DA:3,1
DA:4,1
DA:5,1
DA:6,1
DA:7,1
DA:8,1
DA:9,20
DA:10,20
DA:11,1
DA:12,1
DA:13,20
DA:14,20
DA:15,1
DA:16,1
DA:17,5
DA:18,5
DA:19,1
DA:20,1
DA:21,5
DA:22,5
DA:23,5
DA:24,1
LF:24
LH:24
BRDA:2,0,0,1
BRDA:8,1,0,20
BRDA:12,2,0,20
BRDA:16,3,0,5
BRDA:17,4,0,0
BRDA:20,5,0,5
BRDA:21,6,0,0
BRF:7
BRH:5
end_of_record
TN:
SF:src/core/utils/SparseSet.js
FN:2,SparseSet
FN:7,Has
FN:11,Add
FN:17,Remove
FNF:4
FNH:4
FNDA:2,SparseSet
FNDA:2,Has
FNDA:2,Add
FNDA:30,Remove
DA:1,1
DA:2,1
DA:3,2
DA:4,2
DA:5,2
DA:6,1
DA:7,1
DA:8,2
DA:9,2
DA:10,1
DA:11,1
DA:12,2
DA:13,2
DA:14,2
DA:15,2
DA:16,1
DA:17,1
DA:18,30
DA:19,30
DA:20,30
DA:21,5
DA:22,5
DA:23,5
DA:24,1
LF:24
LH:24
BRDA:2,0,0,2
BRDA:7,1,0,2
BRDA:8,2,0,0
BRDA:11,3,0,2
BRDA:12,4,0,0
BRDA:17,5,0,30
BRDA:18,6,0,0
BRDA:20,7,0,25
BRDA:20,8,0,5
BRF:9
BRH:6
end_of_record
TN:
SF:src/core/utils/Types.js
FN:13,TypeContainer
FNF:1
FNH:1
FNDA:20,TypeContainer
DA:1,1
DA:2,1
DA:3,1
DA:4,1
DA:5,1
DA:6,1
DA:7,1
DA:8,1
DA:9,1
DA:10,1
DA:11,1
DA:12,1
DA:13,1
DA:14,20
DA:15,4
DA:16,4
DA:17,20
DA:18,16
DA:19,16
DA:20,0
DA:21,0
DA:22,20
DA:23,1
DA:24,1
DA:25,1
DA:26,1
LF:26
LH:24
BRDA:13,0,0,20
BRDA:14,1,0,4
BRDA:15,2,0,8
BRDA:17,3,0,16
BRDA:19,4,0,0
BRF:5
BRH:4
end_of_record
